[22:46:20] [Client thread/INFO]: Setting user: Player960
[22:46:20] [Client thread/INFO]: (Session ID is token:0:Player960)
[22:46:22] [Client thread/INFO]: [OptiFine] *** Reflector Forge ***
[22:46:22] [Client thread/INFO]: [OptiFine] (Reflector) Class not present: net.minecraftforge.client.model.Attributes
[22:46:22] [Client thread/INFO]: [OptiFine] (Reflector) Class not present: mods.betterfoliage.client.BetterFoliageClient
[22:46:22] [Client thread/INFO]: [OptiFine] (Reflector) Class not present: net.minecraftforge.fml.common.asm.transformers.BlamingTransformer
[22:46:22] [Client thread/INFO]: [OptiFine] (Reflector) Class not present: net.minecraftforge.event.world.ChunkWatchEvent$UnWatch
[22:46:22] [Client thread/INFO]: [OptiFine] (Reflector) Class not present: net.minecraftforge.fml.relauncher.CoreModManager
[22:46:22] [Client thread/INFO]: [OptiFine] (Reflector) Class not present: net.minecraftforge.common.DimensionManager
[22:46:22] [Client thread/INFO]: [OptiFine] (Reflector) Class not present: net.minecraftforge.client.event.GuiScreenEvent$DrawScreenEvent$Pre
[22:46:22] [Client thread/INFO]: [OptiFine] (Reflector) Class not present: net.minecraftforge.client.event.GuiScreenEvent$DrawScreenEvent$Post
[22:46:22] [Client thread/INFO]: [OptiFine] (Reflector) Class not present: net.minecraftforge.client.event.EntityViewRenderEvent$CameraSetup
[22:46:22] [Client thread/INFO]: [OptiFine] (Reflector) Class not present: net.minecraftforge.client.event.EntityViewRenderEvent$FogColors
[22:46:22] [Client thread/INFO]: [OptiFine] (Reflector) Class not present: net.minecraftforge.fml.common.eventhandler.Event
[22:46:22] [Client thread/INFO]: [OptiFine] (Reflector) Class not present: net.minecraftforge.fml.common.eventhandler.EventBus
[22:46:22] [Client thread/INFO]: [OptiFine] (Reflector) Class not present: net.minecraftforge.fml.common.eventhandler.Event$Result
[22:46:22] [Client thread/INFO]: [OptiFine] (Reflector) Class not present: net.minecraftforge.common.property.ExtendedBlockState
[22:46:22] [Client thread/INFO]: [OptiFine] (Reflector) Class not present: net.minecraftforge.fml.client.FMLClientHandler
[22:46:22] [Client thread/INFO]: [OptiFine] (Reflector) Class not present: net.minecraftforge.fml.common.FMLCommonHandler
[22:46:22] [Client thread/INFO]: [OptiFine] (Reflector) Method not present: net.minecraft.world.biome.BiomeGenBase.getWaterColorMultiplier
[22:46:22] [Client thread/INFO]: [OptiFine] (Reflector) Method not present: net.minecraft.block.Block.addDestroyEffects
[22:46:22] [Client thread/INFO]: [OptiFine] (Reflector) Method not present: net.minecraft.block.Block.addHitEffects
[22:46:22] [Client thread/INFO]: [OptiFine] (Reflector) Method not present: net.minecraft.block.Block.canCreatureSpawn
[22:46:22] [Client thread/INFO]: [OptiFine] (Reflector) Method not present: net.minecraft.block.Block.canRenderInLayer
[22:46:22] [Client thread/INFO]: [OptiFine] (Reflector) Method not present: net.minecraft.block.Block.doesSideBlockRendering
[22:46:22] [Client thread/INFO]: [OptiFine] (Reflector) Method not present: net.minecraft.block.Block.getBedDirection
[22:46:22] [Client thread/INFO]: [OptiFine] (Reflector) Method not present: net.minecraft.block.Block.getExtendedState
[22:46:22] [Client thread/INFO]: [OptiFine] (Reflector) Method not present: net.minecraft.block.Block.hasTileEntity
[22:46:22] [Client thread/INFO]: [OptiFine] (Reflector) Method not present: net.minecraft.block.Block.isAir
[22:46:22] [Client thread/INFO]: [OptiFine] (Reflector) Method not present: net.minecraft.block.Block.isBed
[22:46:22] [Client thread/INFO]: [OptiFine] (Reflector) Method not present: net.minecraft.block.Block.isBedFoot
[22:46:22] [Client thread/INFO]: [OptiFine] (Reflector) Method not present: net.minecraft.block.Block.isSideSolid
[22:46:22] [Client thread/INFO]: [OptiFine] (Reflector) Method not present: net.minecraft.entity.Entity.canRiderInteract
[22:46:22] [Client thread/INFO]: [OptiFine] (Reflector) Field not present: net.minecraft.entity.Entity.captureDrops
[22:46:22] [Client thread/INFO]: [OptiFine] (Reflector) Field not present: net.minecraft.entity.Entity.capturedDrops
[22:46:22] [Client thread/INFO]: [OptiFine] (Reflector) Method not present: net.minecraft.entity.Entity.shouldRenderInPass
[22:46:22] [Client thread/INFO]: [OptiFine] (Reflector) Method not present: net.minecraft.entity.Entity.shouldRiderSit
[22:46:22] [Client thread/INFO]: [OptiFine] (Reflector) Class not present: net.minecraftforge.event.ForgeEventFactory
[22:46:22] [Client thread/INFO]: [OptiFine] (Reflector) Class not present: net.minecraftforge.common.ForgeHooks
[22:46:22] [Client thread/INFO]: [OptiFine] (Reflector) Class not present: net.minecraftforge.client.ForgeHooksClient
[22:46:22] [Client thread/INFO]: [OptiFine] (Reflector) Method not present: net.minecraft.item.Item.getDurabilityForDisplay
[22:46:22] [Client thread/INFO]: [OptiFine] (Reflector) Method not present: net.minecraft.item.Item.getModel
[22:46:22] [Client thread/INFO]: [OptiFine] (Reflector) Method not present: net.minecraft.item.Item.onEntitySwing
[22:46:22] [Client thread/INFO]: [OptiFine] (Reflector) Method not present: net.minecraft.item.Item.shouldCauseReequipAnimation
[22:46:22] [Client thread/INFO]: [OptiFine] (Reflector) Method not present: net.minecraft.item.Item.showDurabilityBar
[22:46:22] [Client thread/INFO]: [OptiFine] (Reflector) Method not present: net.minecraft.item.ItemRecord.getRecordResource
[22:46:22] [Client thread/INFO]: [OptiFine] (Reflector) Class not present: net.minecraftforge.common.ForgeModContainer
[22:46:22] [Client thread/INFO]: [OptiFine] (Reflector) Method not present: net.minecraft.potion.PotionEffect.isCurativeItem
[22:46:22] [Client thread/INFO]: [OptiFine] (Reflector) Method not present: net.minecraft.tileentity.TileEntity.canRenderBreaking
[22:46:22] [Client thread/INFO]: [OptiFine] (Reflector) Method not present: net.minecraft.tileentity.TileEntity.getRenderBoundingBox
[22:46:22] [Client thread/INFO]: [OptiFine] (Reflector) Method not present: net.minecraft.tileentity.TileEntity.hasFastRenderer
[22:46:22] [Client thread/INFO]: [OptiFine] (Reflector) Method not present: net.minecraft.tileentity.TileEntity.shouldRenderInPass
[22:46:22] [Client thread/INFO]: [OptiFine] (Reflector) Method not present: net.minecraft.client.renderer.tileentity.TileEntityRendererDispatcher.preDrawBatch
[22:46:22] [Client thread/INFO]: [OptiFine] (Reflector) Method not present: net.minecraft.client.renderer.tileentity.TileEntityRendererDispatcher.drawBatch
[22:46:22] [Client thread/INFO]: [OptiFine] (Reflector) Method not present: net.minecraft.client.renderer.vertex.VertexFormatElement$EnumUsage.preDraw
[22:46:22] [Client thread/INFO]: [OptiFine] (Reflector) Method not present: net.minecraft.client.renderer.vertex.VertexFormatElement$EnumUsage.postDraw
[22:46:22] [Client thread/INFO]: [OptiFine] (Reflector) Method not present: net.minecraft.world.World.countEntities
[22:46:22] [Client thread/INFO]: [OptiFine] (Reflector) Method not present: net.minecraft.world.World.getPerWorldStorage
[22:46:22] [Client thread/INFO]: [OptiFine] (Reflector) Method not present: net.minecraft.world.WorldProvider.getCloudRenderer
[22:46:22] [Client thread/INFO]: [OptiFine] (Reflector) Method not present: net.minecraft.world.WorldProvider.getSkyRenderer
[22:46:22] [Client thread/INFO]: [OptiFine] (Reflector) Method not present: net.minecraft.world.WorldProvider.getWeatherRenderer
[22:46:22] [Client thread/INFO]: [OptiFine] (Reflector) Class not present: net.minecraftforge.fml.client.GuiModList
[22:46:22] [Client thread/INFO]: [OptiFine] (Reflector) Class not present: net.minecraftforge.client.model.IColoredBakedQuad
[22:46:22] [Client thread/INFO]: [OptiFine] (Reflector) Class not present: net.minecraftforge.common.property.IExtendedBlockState
[22:46:22] [Client thread/INFO]: [OptiFine] (Reflector) Class not present: net.minecraftforge.client.IRenderHandler
[22:46:22] [Client thread/INFO]: [OptiFine] (Reflector) Class not present: net.minecraftforge.client.model.ISmartBlockModel
[22:46:22] [Client thread/INFO]: [OptiFine] (Reflector) Class not present: net.minecraftforge.client.ItemModelMesherForge
[22:46:22] [Client thread/INFO]: [OptiFine] (Reflector) Class not present: net.minecraft.launchwrapper.Launch
[22:46:22] [Client thread/INFO]: [OptiFine] (Reflector) Class not present: net.minecraftforge.client.model.pipeline.LightUtil
[22:46:22] [Client thread/INFO]: [OptiFine] (Reflector) Class not present: net.minecraftforge.common.MinecraftForge
[22:46:22] [Client thread/INFO]: [OptiFine] (Reflector) Class not present: net.minecraftforge.client.MinecraftForgeClient
[22:46:22] [Client thread/INFO]: [OptiFine] (Reflector) Class not present: net.minecraftforge.client.model.ModelLoader
[22:46:22] [Client thread/INFO]: [OptiFine] (Reflector) Class not present: net.minecraftforge.client.event.RenderBlockOverlayEvent$OverlayType
[22:46:22] [Client thread/INFO]: [OptiFine] (Reflector) Class not present: net.minecraftforge.fml.client.registry.RenderingRegistry
[22:46:22] [Client thread/INFO]: [OptiFine] (Reflector) Class not present: net.minecraftforge.client.event.RenderItemInFrameEvent
[22:46:22] [Client thread/INFO]: [OptiFine] (Reflector) Class not present: net.minecraftforge.client.event.RenderLivingEvent$Pre
[22:46:22] [Client thread/INFO]: [OptiFine] (Reflector) Class not present: net.minecraftforge.client.event.RenderLivingEvent$Post
[22:46:22] [Client thread/INFO]: [OptiFine] (Reflector) Class not present: net.minecraftforge.client.event.RenderLivingEvent$Specials$Pre
[22:46:22] [Client thread/INFO]: [OptiFine] (Reflector) Class not present: net.minecraftforge.client.event.RenderLivingEvent$Specials$Post
[22:46:22] [Client thread/INFO]: [OptiFine] (Reflector) Class not present: net.minecraftforge.fml.client.SplashProgress
[22:46:22] [Client thread/INFO]: [OptiFine] (Reflector) Class not present: net.minecraftforge.event.world.WorldEvent$Load
[22:46:22] [Client thread/INFO]: [OptiFine] *** Reflector Vanilla ***
[22:46:22] [Client thread/INFO]: [OptiFine] (Reflector) Class not present: optifine.OptiFineClassTransformer
[22:46:22] [Client thread/INFO]: LWJGL Version: 2.9.4
[22:46:22] [Client thread/INFO]: [OptiFine] 
[22:46:22] [Client thread/INFO]: [OptiFine] OptiFine_1.8.8_HD_U_H8
[22:46:22] [Client thread/INFO]: [OptiFine] Build: null
[22:46:22] [Client thread/INFO]: [OptiFine] OS: Windows 7 (amd64) version 6.1
[22:46:22] [Client thread/INFO]: [OptiFine] Java: 1.8.0_301, Oracle Corporation
[22:46:22] [Client thread/INFO]: [OptiFine] VM: Java HotSpot(TM) 64-Bit Server VM (mixed mode), Oracle Corporation
[22:46:22] [Client thread/INFO]: [OptiFine] LWJGL: 2.9.4
[22:46:22] [Client thread/INFO]: [OptiFine] OpenGL: Intel(R) HD Graphics 3000, version 3.1.0 - Build 9.17.10.4229, Intel
[22:46:22] [Client thread/INFO]: [OptiFine] OpenGL Version: 3.1.0
[22:46:22] [Client thread/INFO]: [OptiFine] OpenGL Fancy fog: Not available (GL_NV_fog_distance)
[22:46:22] [Client thread/INFO]: [OptiFine] Maximum texture size: 8192x8192
[22:46:22] [Thread-6/INFO]: [OptiFine] Checking for new version
[22:46:22] [Client thread/INFO]: [Shaders] ShadersMod version: 2.4.12
[22:46:22] [Client thread/INFO]: [Shaders] OpenGL Version: 3.1.0 - Build 9.17.10.4229
[22:46:22] [Client thread/INFO]: [Shaders] Vendor:  Intel
[22:46:22] [Client thread/INFO]: [Shaders] Renderer: Intel(R) HD Graphics 3000
[22:46:22] [Client thread/INFO]: [Shaders] Capabilities:  2.0  2.1  3.0  -  - 
[22:46:22] [Client thread/INFO]: [Shaders] GL_MAX_DRAW_BUFFERS: 8
[22:46:22] [Client thread/INFO]: [Shaders] GL_MAX_COLOR_ATTACHMENTS_EXT: 8
[22:46:22] [Client thread/INFO]: [Shaders] GL_MAX_TEXTURE_IMAGE_UNITS: 16
[22:46:22] [Client thread/INFO]: [Shaders] Load ShadersMod configuration.
[22:46:22] [Client thread/INFO]: [Shaders] Save ShadersMod configuration.
[22:46:22] [Client thread/INFO]: [Shaders] Shaders can not be loaded, Fast Render is enabled.
[22:46:22] [Client thread/INFO]: [Shaders] No shaderpack loaded.
[22:46:22] [Client thread/INFO]: Reloading ResourceManager: Default
[22:46:22] [Client thread/INFO]: [OptiFine] *** Reloading textures ***
[22:46:22] [Client thread/INFO]: [OptiFine] Resource packs: Default
[22:46:23] [Sound Library Loader/INFO]: Starting up SoundSystem...
[22:46:23] [Thread-7/INFO]: Initializing LWJGL OpenAL
[22:46:23] [Thread-7/INFO]: (The LWJGL binding of OpenAL.  For more information, see http://www.lwjgl.org)
[22:46:23] [Thread-7/INFO]: OpenAL initialized.
[22:46:23] [Sound Library Loader/INFO]: Sound engine started
[22:46:25] [Client thread/INFO]: [OptiFine] Mipmap levels: 4
[22:46:25] [Client thread/INFO]: [OptiFine] Multitexture: false
[22:46:25] [Client thread/INFO]: [OptiFine] ConnectedTextures: mcpatcher/ctm/default/0_glass_white/glass_pane_white.properties
[22:46:25] [Client thread/INFO]: [OptiFine] ConnectedTextures: mcpatcher/ctm/default/0_glass_white/glass_white.properties
[22:46:25] [Client thread/INFO]: [OptiFine] ConnectedTextures: mcpatcher/ctm/default/10_glass_purple/glass_pane_purple.properties
[22:46:25] [Client thread/INFO]: [OptiFine] ConnectedTextures: mcpatcher/ctm/default/10_glass_purple/glass_purple.properties
[22:46:25] [Client thread/INFO]: [OptiFine] ConnectedTextures: mcpatcher/ctm/default/11_glass_blue/glass_blue.properties
[22:46:25] [Client thread/INFO]: [OptiFine] ConnectedTextures: mcpatcher/ctm/default/11_glass_blue/glass_pane_blue.properties
[22:46:25] [Client thread/INFO]: [OptiFine] ConnectedTextures: mcpatcher/ctm/default/12_glass_brown/glass_brown.properties
[22:46:25] [Client thread/INFO]: [OptiFine] ConnectedTextures: mcpatcher/ctm/default/12_glass_brown/glass_pane_brown.properties
[22:46:25] [Client thread/INFO]: [OptiFine] ConnectedTextures: mcpatcher/ctm/default/13_glass_green/glass_green.properties
[22:46:25] [Client thread/INFO]: [OptiFine] ConnectedTextures: mcpatcher/ctm/default/13_glass_green/glass_pane_green.properties
[22:46:25] [Client thread/INFO]: [OptiFine] ConnectedTextures: mcpatcher/ctm/default/14_glass_red/glass_pane_red.properties
[22:46:25] [Client thread/INFO]: [OptiFine] ConnectedTextures: mcpatcher/ctm/default/14_glass_red/glass_red.properties
[22:46:25] [Client thread/INFO]: [OptiFine] ConnectedTextures: mcpatcher/ctm/default/15_glass_black/glass_black.properties
[22:46:25] [Client thread/INFO]: [OptiFine] ConnectedTextures: mcpatcher/ctm/default/15_glass_black/glass_pane_black.properties
[22:46:25] [Client thread/INFO]: [OptiFine] ConnectedTextures: mcpatcher/ctm/default/1_glass_orange/glass_orange.properties
[22:46:25] [Client thread/INFO]: [OptiFine] ConnectedTextures: mcpatcher/ctm/default/1_glass_orange/glass_pane_orange.properties
[22:46:25] [Client thread/INFO]: [OptiFine] ConnectedTextures: mcpatcher/ctm/default/2_glass_magenta/glass_magenta.properties
[22:46:25] [Thread-6/INFO]: [OptiFine] Version found: I7
[22:46:25] [Client thread/INFO]: [OptiFine] ConnectedTextures: mcpatcher/ctm/default/2_glass_magenta/glass_pane_magenta.properties
[22:46:25] [Client thread/INFO]: [OptiFine] ConnectedTextures: mcpatcher/ctm/default/3_glass_light_blue/glass_light_blue.properties
[22:46:25] [Client thread/INFO]: [OptiFine] ConnectedTextures: mcpatcher/ctm/default/3_glass_light_blue/glass_pane_light_blue.properties
[22:46:25] [Client thread/INFO]: [OptiFine] ConnectedTextures: mcpatcher/ctm/default/4_glass_yellow/glass_pane_yellow.properties
[22:46:25] [Client thread/INFO]: [OptiFine] ConnectedTextures: mcpatcher/ctm/default/4_glass_yellow/glass_yellow.properties
[22:46:25] [Client thread/INFO]: [OptiFine] ConnectedTextures: mcpatcher/ctm/default/5_glass_lime/glass_lime.properties
[22:46:25] [Client thread/INFO]: [OptiFine] ConnectedTextures: mcpatcher/ctm/default/5_glass_lime/glass_pane_lime.properties
[22:46:25] [Client thread/INFO]: [OptiFine] ConnectedTextures: mcpatcher/ctm/default/6_glass_pink/glass_pane_pink.properties
[22:46:25] [Client thread/INFO]: [OptiFine] ConnectedTextures: mcpatcher/ctm/default/6_glass_pink/glass_pink.properties
[22:46:25] [Client thread/INFO]: [OptiFine] ConnectedTextures: mcpatcher/ctm/default/7_glass_gray/glass_gray.properties
[22:46:25] [Client thread/INFO]: [OptiFine] ConnectedTextures: mcpatcher/ctm/default/7_glass_gray/glass_pane_gray.properties
[22:46:25] [Client thread/INFO]: [OptiFine] ConnectedTextures: mcpatcher/ctm/default/8_glass_silver/glass_pane_silver.properties
[22:46:25] [Client thread/INFO]: [OptiFine] ConnectedTextures: mcpatcher/ctm/default/8_glass_silver/glass_silver.properties
[22:46:25] [Client thread/INFO]: [OptiFine] ConnectedTextures: mcpatcher/ctm/default/9_glass_cyan/glass_cyan.properties
[22:46:25] [Client thread/INFO]: [OptiFine] ConnectedTextures: mcpatcher/ctm/default/9_glass_cyan/glass_pane_cyan.properties
[22:46:25] [Client thread/INFO]: [OptiFine] ConnectedTextures: mcpatcher/ctm/default/bookshelf.properties
[22:46:25] [Client thread/INFO]: [OptiFine] ConnectedTextures: mcpatcher/ctm/default/glass.properties
[22:46:25] [Client thread/INFO]: [OptiFine] ConnectedTextures: mcpatcher/ctm/default/glasspane.properties
[22:46:25] [Client thread/INFO]: [OptiFine] ConnectedTextures: mcpatcher/ctm/default/sandstone.properties
[22:46:25] [Client thread/INFO]: [OptiFine] Multipass connected textures: false
[22:46:26] [Client thread/INFO]: Created: 1024x512 textures-atlas
[22:46:28] [Client thread/INFO]: [OptiFine] *** Reloading custom textures ***
[22:46:28] [Client thread/INFO]: [OptiFine] Enable face culling: acacia_leaves, birch_leaves, dark_oak_leaves, jungle_leaves, oak_leaves, spruce_leaves
[22:46:36] [Server thread/INFO]: Starting integrated minecraft server version 1.8.8
[22:46:36] [Server thread/INFO]: Generating keypair
[22:46:36] [Server thread/INFO]: Preparing start region for level 0
[22:46:36] [Server thread/INFO]: Changing view distance to 4, from 10
[22:46:37] [Server thread/INFO]: Player960[local:E:943c7cf1] logged in with entity id 169 at (474.8439069541017, 4.0, 464.8300561726648)
[22:46:37] [Server thread/INFO]: Player960 joined the game
[22:46:37] [Client thread/INFO]: [CHAT] A new §eOptiFine§f version is available: §eHD Ultra I7§f
[22:46:38] [Server thread/INFO]: Saving and pausing game...
[22:46:38] [Server thread/INFO]: Saving chunks for level 'New World'/Overworld
[22:46:38] [Server thread/INFO]: Saving chunks for level 'New World'/Nether
[22:46:38] [Server thread/INFO]: Saving chunks for level 'New World'/The End
[22:46:42] [Texture Downloader #1/ERROR]: Couldn't download http texture: java.net.SocketTimeoutException: connect timed out
[22:46:47] [Server thread/INFO]: Saving and pausing game...
[22:46:47] [Server thread/INFO]: Saving chunks for level 'New World'/Overworld
[22:46:47] [Server thread/INFO]: Saving chunks for level 'New World'/Nether
[22:46:47] [Server thread/INFO]: Saving chunks for level 'New World'/The End
[22:46:47] [Server thread/INFO]: Stopping server
[22:46:47] [Server thread/INFO]: Saving players
[22:46:47] [Server thread/INFO]: Saving worlds
[22:46:47] [Server thread/INFO]: Saving chunks for level 'New World'/Overworld
[22:46:47] [Server thread/INFO]: Saving chunks for level 'New World'/Nether
[22:46:47] [Server thread/INFO]: Saving chunks for level 'New World'/The End
[22:46:51] [Client thread/INFO]: Connecting to mc.remiaft.com, 25565
[22:46:54] [Client thread/INFO]: [CHAT] dsfa4 joined the game
[22:46:56] [Client thread/INFO]: [CHAT] 您的账户已经在本服注册过，如果您第一次游玩本服，请更换您的离线账户ID。
[22:46:56] [Client thread/INFO]: [CHAT] 本服拥有自己的账户系统，与Minecraft的认证系统独立，
[22:46:56] [Client thread/INFO]: [CHAT] 但是拥有Minecraft正版的玩家可使用 online.remiaft.com 连接至服务器,
[22:46:56] [Client thread/INFO]: [CHAT] 我们有新一套的认证程序，并且无需您提供Minecraft账户密码，
[22:46:56] [Client thread/INFO]: [CHAT] 如有人索要您的账户密码说进行认证的,均不要给予，谨防上当受骗！
[22:46:56] [Client thread/INFO]: [CHAT] 如果正版认证后更改自己的正版用户名，
[22:46:56] [Client thread/INFO]: [CHAT] 请使用您先前注册的Remiaft账号登录，而不是更改过的ID！本服只认ID不认人！
[22:46:56] [Client thread/INFO]: [CHAT] 如果您是主播，且你的ID被他人抢注，
[22:46:56] [Client thread/INFO]: [CHAT] 您可以联系Remiaft官方人员更改账户所有权。原账户如果有充值内容我们将会转移到新的账户旗下。
[22:46:56] [Client thread/INFO]: [CHAT] 如果您是正版玩家，您的账户id被抢注，并且您尚未注册过Remiaft服务器，
[22:46:56] [Client thread/INFO]: [CHAT] 我们会将您的诉求转达给抢注者，但是Remiaft不会转移账户所有权，请自行协商。
[22:46:56] [Client thread/INFO]: [CHAT] =====================================
[22:46:56] [Client thread/INFO]: [CHAT] 
[22:46:56] [Client thread/INFO]: [CHAT] 请输入 “/login <密码>”  进行登录
[22:46:56] [Client thread/INFO]: [CHAT] 
[22:46:56] [Client thread/INFO]: [CHAT] =====================================
[22:46:58] [Client thread/INFO]: [CHAT] Remiaft NetWork » 登录成功~
[22:47:00] [Client thread/INFO]: [CHAT] joseST joined the game
[22:47:03] [Client thread/INFO]: [CHAT] 
[22:47:03] [Client thread/INFO]: [CHAT] 
[22:47:03] [Client thread/INFO]: [CHAT] 
[22:47:03] [Client thread/INFO]: [CHAT] 
[22:47:03] [Client thread/INFO]: [CHAT] 
[22:47:03] [Client thread/INFO]: [CHAT] 
[22:47:03] [Client thread/INFO]: [CHAT] 
[22:47:03] [Client thread/INFO]: [CHAT] 
[22:47:03] [Client thread/INFO]: [CHAT] 
[22:47:03] [Client thread/INFO]: [CHAT] 
[22:47:03] [Client thread/INFO]: [CHAT] 
[22:47:03] [Client thread/INFO]: [CHAT] 
[22:47:03] [Client thread/INFO]: [CHAT] 
[22:47:03] [Client thread/INFO]: [CHAT] 
[22:47:03] [Client thread/INFO]: [CHAT] 
[22:47:03] [Client thread/INFO]: [CHAT] 
[22:47:03] [Client thread/INFO]: [CHAT] 
[22:47:03] [Client thread/INFO]: [CHAT] 
[22:47:03] [Client thread/INFO]: [CHAT] 
[22:47:03] [Client thread/INFO]: [CHAT] 
[22:47:03] [Client thread/INFO]: [CHAT] 
[22:47:03] [Client thread/INFO]: [CHAT] 
[22:47:03] [Client thread/INFO]: [CHAT] 
[22:47:03] [Client thread/INFO]: [CHAT] 
[22:47:03] [Client thread/INFO]: [CHAT] 
[22:47:03] [Client thread/INFO]: [CHAT] 
[22:47:03] [Client thread/INFO]: [CHAT] 
[22:47:03] [Client thread/INFO]: [CHAT] 
[22:47:03] [Client thread/INFO]: [CHAT] 
[22:47:03] [Client thread/INFO]: [CHAT] 
[22:47:03] [Client thread/INFO]: [CHAT] 
[22:47:03] [Client thread/INFO]: [CHAT] 
[22:47:03] [Client thread/INFO]: [CHAT] 
[22:47:03] [Client thread/INFO]: [CHAT] 
[22:47:03] [Client thread/INFO]: [CHAT] 
[22:47:03] [Client thread/INFO]: [CHAT] 
[22:47:03] [Client thread/INFO]: [CHAT] 
[22:47:03] [Client thread/INFO]: [CHAT] 
[22:47:03] [Client thread/INFO]: [CHAT] 
[22:47:03] [Client thread/INFO]: [CHAT] 
[22:47:03] [Client thread/INFO]: [CHAT] 
[22:47:03] [Client thread/INFO]: [CHAT] 
[22:47:03] [Client thread/INFO]: [CHAT] 
[22:47:03] [Client thread/INFO]: [CHAT] 
[22:47:03] [Client thread/INFO]: [CHAT] 
[22:47:03] [Client thread/INFO]: [CHAT] 
[22:47:03] [Client thread/INFO]: [CHAT] 
[22:47:03] [Client thread/INFO]: [CHAT] 
[22:47:03] [Client thread/INFO]: [CHAT] 
[22:47:03] [Client thread/INFO]: [CHAT] 
[22:47:03] [Client thread/INFO]: [CHAT] 
[22:47:03] [Client thread/INFO]: [CHAT] 
[22:47:03] [Client thread/INFO]: [CHAT] 
[22:47:03] [Client thread/INFO]: [CHAT] 
[22:47:03] [Client thread/INFO]: [CHAT] 
[22:47:03] [Client thread/INFO]: [CHAT] 
[22:47:03] [Client thread/INFO]: [CHAT] 
[22:47:03] [Client thread/INFO]: [CHAT] 
[22:47:03] [Client thread/INFO]: [CHAT] 
[22:47:03] [Client thread/INFO]: [CHAT] 
[22:47:03] [Client thread/INFO]: [CHAT] 
[22:47:03] [Client thread/INFO]: [CHAT] 
[22:47:03] [Client thread/INFO]: [CHAT] 
[22:47:03] [Client thread/INFO]: [CHAT] 
[22:47:03] [Client thread/INFO]: [CHAT] 
[22:47:03] [Client thread/INFO]: [CHAT] 
[22:47:03] [Client thread/INFO]: [CHAT] 
[22:47:03] [Client thread/INFO]: [CHAT] 
[22:47:03] [Client thread/INFO]: [CHAT] 
[22:47:03] [Client thread/INFO]: [CHAT] 
[22:47:03] [Client thread/INFO]: [CHAT] 
[22:47:03] [Client thread/INFO]: [CHAT] 
[22:47:03] [Client thread/INFO]: [CHAT] 
[22:47:03] [Client thread/INFO]: [CHAT] 
[22:47:03] [Client thread/INFO]: [CHAT] 
[22:47:03] [Client thread/INFO]: [CHAT] 
[22:47:03] [Client thread/INFO]: [CHAT] 
[22:47:03] [Client thread/INFO]: [CHAT] 
[22:47:03] [Client thread/INFO]: [CHAT] 
[22:47:03] [Client thread/INFO]: [CHAT] 
[22:47:03] [Client thread/INFO]: [CHAT] 
[22:47:03] [Client thread/INFO]: [CHAT] 
[22:47:03] [Client thread/INFO]: [CHAT] 
[22:47:03] [Client thread/INFO]: [CHAT] 
[22:47:03] [Client thread/INFO]: [CHAT] 
[22:47:03] [Client thread/INFO]: [CHAT] 
[22:47:03] [Client thread/INFO]: [CHAT] 
[22:47:03] [Client thread/INFO]: [CHAT] 
[22:47:03] [Client thread/INFO]: [CHAT] 
[22:47:03] [Client thread/INFO]: [CHAT] 
[22:47:03] [Client thread/INFO]: [CHAT] 
[22:47:03] [Client thread/INFO]: [CHAT] 
[22:47:03] [Client thread/INFO]: [CHAT] 
[22:47:03] [Client thread/INFO]: [CHAT] 
[22:47:03] [Client thread/INFO]: [CHAT] 
[22:47:03] [Client thread/INFO]: [CHAT] 
[22:47:03] [Client thread/INFO]: [CHAT] 
[22:47:03] [Client thread/INFO]: [CHAT] 
[22:47:03] [Client thread/INFO]: [CHAT] 
[22:47:03] [Client thread/INFO]: [CHAT] 
[22:47:03] [Client thread/INFO]: [CHAT] 
[22:47:03] [Client thread/INFO]: [CHAT] 
[22:47:03] [Client thread/INFO]: [CHAT] 
[22:47:03] [Client thread/INFO]: [CHAT] 
[22:47:03] [Client thread/INFO]: [CHAT] 
[22:47:03] [Client thread/INFO]: [CHAT] 
[22:47:03] [Client thread/INFO]: [CHAT] 
[22:47:03] [Client thread/INFO]: [CHAT] 
[22:47:03] [Client thread/INFO]: [CHAT] 
[22:47:03] [Client thread/INFO]: [CHAT] 
[22:47:03] [Client thread/INFO]: [CHAT] 
[22:47:03] [Client thread/INFO]: [CHAT] 
[22:47:03] [Client thread/INFO]: [CHAT] 
[22:47:03] [Client thread/INFO]: [CHAT] 
[22:47:03] [Client thread/INFO]: [CHAT] 
[22:47:03] [Client thread/INFO]: [CHAT] 
[22:47:03] [Client thread/INFO]: [CHAT] 
[22:47:03] [Client thread/INFO]: [CHAT] 
[22:47:03] [Client thread/INFO]: [CHAT] 
[22:47:03] [Client thread/INFO]: [CHAT] 
[22:47:03] [Client thread/INFO]: [CHAT] [+] dsfa4
[22:47:04] [Client thread/INFO]: [CHAT] +---------------***---------------+
[22:47:04] [Client thread/INFO]: [CHAT] 
[22:47:04] [Client thread/INFO]: [CHAT]     欢迎您加入到mc.remiaft.com服务器中
[22:47:04] [Client thread/INFO]: [CHAT] 
[22:47:04] [Client thread/INFO]: [CHAT]   官网 www.remiaft.com(维护中)
[22:47:04] [Client thread/INFO]: [CHAT]   商城 store.remiaft.com(维护中)
[22:47:04] [Client thread/INFO]: [CHAT]   QQ群: 1071318538
[22:47:04] [Client thread/INFO]: [CHAT] 
[22:47:04] [Client thread/INFO]: [CHAT] +---------------***---------------+
[22:47:07] [Client thread/INFO]: [CHAT] §6[全服喊话] §f§7lijiansheng12§f: 15 §b§l§n(点击传送)
[22:47:07] [Client thread/INFO]: [CHAT] §6[全服喊话] §f§7feimeng520§f: JSBW §b§l§n(点击传送)
[22:47:09] [Client thread/INFO]: [CHAT] FS Clan Network >> 加入中...
[22:47:10] [Client thread/INFO]: [CHAT] 搭路练习 >> 输入 /bridge 更改练习参数
[22:47:15] [Client thread/INFO]: Connecting to mc.remiaft.com, 25565
[22:47:23] [Client thread/INFO]: [CHAT] dsfa4 joined the game
[22:47:23] [Client thread/INFO]: [CHAT] §6[全服喊话] §f§7Cubic_§f: JSBW 40S §b§l§n(点击传送)
[22:47:24] [Client thread/INFO]: [CHAT] 您的账户已经在本服注册过，如果您第一次游玩本服，请更换您的离线账户ID。
[22:47:24] [Client thread/INFO]: [CHAT] 本服拥有自己的账户系统，与Minecraft的认证系统独立，
[22:47:24] [Client thread/INFO]: [CHAT] 但是拥有Minecraft正版的玩家可使用 online.remiaft.com 连接至服务器,
[22:47:24] [Client thread/INFO]: [CHAT] 我们有新一套的认证程序，并且无需您提供Minecraft账户密码，
[22:47:24] [Client thread/INFO]: [CHAT] 如有人索要您的账户密码说进行认证的,均不要给予，谨防上当受骗！
[22:47:24] [Client thread/INFO]: [CHAT] 如果正版认证后更改自己的正版用户名，
[22:47:24] [Client thread/INFO]: [CHAT] 请使用您先前注册的Remiaft账号登录，而不是更改过的ID！本服只认ID不认人！
[22:47:24] [Client thread/INFO]: [CHAT] 如果您是主播，且你的ID被他人抢注，
[22:47:24] [Client thread/INFO]: [CHAT] 您可以联系Remiaft官方人员更改账户所有权。原账户如果有充值内容我们将会转移到新的账户旗下。
[22:47:24] [Client thread/INFO]: [CHAT] 如果您是正版玩家，您的账户id被抢注，并且您尚未注册过Remiaft服务器，
[22:47:24] [Client thread/INFO]: [CHAT] 我们会将您的诉求转达给抢注者，但是Remiaft不会转移账户所有权，请自行协商。
[22:47:24] [Client thread/INFO]: [CHAT] =====================================
[22:47:24] [Client thread/INFO]: [CHAT] 
[22:47:24] [Client thread/INFO]: [CHAT] 请输入 “/login <密码>”  进行登录
[22:47:24] [Client thread/INFO]: [CHAT] 
[22:47:24] [Client thread/INFO]: [CHAT] =====================================
[22:47:24] [Client thread/INFO]: [CHAT] rini_xianren left the game.
[22:47:25] [Client thread/INFO]: [CHAT] Remiaft NetWork » 登录成功~
[22:47:28] [Client thread/INFO]: [CHAT] feixian_god joined the game
[22:47:30] [Client thread/INFO]: [CHAT] 
[22:47:30] [Client thread/INFO]: [CHAT] 
[22:47:30] [Client thread/INFO]: [CHAT] 
[22:47:30] [Client thread/INFO]: [CHAT] 
[22:47:30] [Client thread/INFO]: [CHAT] 
[22:47:30] [Client thread/INFO]: [CHAT] 
[22:47:30] [Client thread/INFO]: [CHAT] 
[22:47:30] [Client thread/INFO]: [CHAT] 
[22:47:30] [Client thread/INFO]: [CHAT] 
[22:47:30] [Client thread/INFO]: [CHAT] 
[22:47:30] [Client thread/INFO]: [CHAT] 
[22:47:30] [Client thread/INFO]: [CHAT] 
[22:47:30] [Client thread/INFO]: [CHAT] 
[22:47:30] [Client thread/INFO]: [CHAT] 
[22:47:30] [Client thread/INFO]: [CHAT] 
[22:47:30] [Client thread/INFO]: [CHAT] 
[22:47:30] [Client thread/INFO]: [CHAT] 
[22:47:30] [Client thread/INFO]: [CHAT] 
[22:47:30] [Client thread/INFO]: [CHAT] 
[22:47:30] [Client thread/INFO]: [CHAT] 
[22:47:30] [Client thread/INFO]: [CHAT] 
[22:47:30] [Client thread/INFO]: [CHAT] 
[22:47:30] [Client thread/INFO]: [CHAT] 
[22:47:30] [Client thread/INFO]: [CHAT] 
[22:47:30] [Client thread/INFO]: [CHAT] 
[22:47:30] [Client thread/INFO]: [CHAT] 
[22:47:30] [Client thread/INFO]: [CHAT] 
[22:47:30] [Client thread/INFO]: [CHAT] 
[22:47:30] [Client thread/INFO]: [CHAT] 
[22:47:30] [Client thread/INFO]: [CHAT] 
[22:47:30] [Client thread/INFO]: [CHAT] 
[22:47:30] [Client thread/INFO]: [CHAT] 
[22:47:30] [Client thread/INFO]: [CHAT] 
[22:47:30] [Client thread/INFO]: [CHAT] 
[22:47:30] [Client thread/INFO]: [CHAT] 
[22:47:30] [Client thread/INFO]: [CHAT] 
[22:47:30] [Client thread/INFO]: [CHAT] 
[22:47:30] [Client thread/INFO]: [CHAT] 
[22:47:30] [Client thread/INFO]: [CHAT] 
[22:47:30] [Client thread/INFO]: [CHAT] 
[22:47:30] [Client thread/INFO]: [CHAT] 
[22:47:30] [Client thread/INFO]: [CHAT] 
[22:47:30] [Client thread/INFO]: [CHAT] 
[22:47:30] [Client thread/INFO]: [CHAT] 
[22:47:30] [Client thread/INFO]: [CHAT] 
[22:47:30] [Client thread/INFO]: [CHAT] 
[22:47:30] [Client thread/INFO]: [CHAT] 
[22:47:30] [Client thread/INFO]: [CHAT] 
[22:47:30] [Client thread/INFO]: [CHAT] 
[22:47:30] [Client thread/INFO]: [CHAT] 
[22:47:30] [Client thread/INFO]: [CHAT] 
[22:47:30] [Client thread/INFO]: [CHAT] 
[22:47:30] [Client thread/INFO]: [CHAT] 
[22:47:30] [Client thread/INFO]: [CHAT] 
[22:47:30] [Client thread/INFO]: [CHAT] 
[22:47:30] [Client thread/INFO]: [CHAT] 
[22:47:30] [Client thread/INFO]: [CHAT] 
[22:47:30] [Client thread/INFO]: [CHAT] 
[22:47:30] [Client thread/INFO]: [CHAT] 
[22:47:30] [Client thread/INFO]: [CHAT] 
[22:47:30] [Client thread/INFO]: [CHAT] 
[22:47:30] [Client thread/INFO]: [CHAT] 
[22:47:30] [Client thread/INFO]: [CHAT] 
[22:47:30] [Client thread/INFO]: [CHAT] 
[22:47:30] [Client thread/INFO]: [CHAT] 
[22:47:30] [Client thread/INFO]: [CHAT] 
[22:47:30] [Client thread/INFO]: [CHAT] 
[22:47:30] [Client thread/INFO]: [CHAT] 
[22:47:30] [Client thread/INFO]: [CHAT] 
[22:47:30] [Client thread/INFO]: [CHAT] 
[22:47:30] [Client thread/INFO]: [CHAT] 
[22:47:30] [Client thread/INFO]: [CHAT] 
[22:47:30] [Client thread/INFO]: [CHAT] 
[22:47:30] [Client thread/INFO]: [CHAT] 
[22:47:30] [Client thread/INFO]: [CHAT] 
[22:47:30] [Client thread/INFO]: [CHAT] 
[22:47:30] [Client thread/INFO]: [CHAT] 
[22:47:30] [Client thread/INFO]: [CHAT] 
[22:47:30] [Client thread/INFO]: [CHAT] 
[22:47:30] [Client thread/INFO]: [CHAT] 
[22:47:30] [Client thread/INFO]: [CHAT] 
[22:47:30] [Client thread/INFO]: [CHAT] 
[22:47:30] [Client thread/INFO]: [CHAT] 
[22:47:30] [Client thread/INFO]: [CHAT] 
[22:47:30] [Client thread/INFO]: [CHAT] 
[22:47:30] [Client thread/INFO]: [CHAT] 
[22:47:30] [Client thread/INFO]: [CHAT] 
[22:47:30] [Client thread/INFO]: [CHAT] 
[22:47:30] [Client thread/INFO]: [CHAT] 
[22:47:30] [Client thread/INFO]: [CHAT] 
[22:47:30] [Client thread/INFO]: [CHAT] 
[22:47:30] [Client thread/INFO]: [CHAT] 
[22:47:30] [Client thread/INFO]: [CHAT] 
[22:47:30] [Client thread/INFO]: [CHAT] 
[22:47:30] [Client thread/INFO]: [CHAT] 
[22:47:30] [Client thread/INFO]: [CHAT] 
[22:47:30] [Client thread/INFO]: [CHAT] 
[22:47:30] [Client thread/INFO]: [CHAT] 
[22:47:30] [Client thread/INFO]: [CHAT] 
[22:47:30] [Client thread/INFO]: [CHAT] 
[22:47:30] [Client thread/INFO]: [CHAT] 
[22:47:30] [Client thread/INFO]: [CHAT] 
[22:47:30] [Client thread/INFO]: [CHAT] 
[22:47:30] [Client thread/INFO]: [CHAT] 
[22:47:30] [Client thread/INFO]: [CHAT] 
[22:47:30] [Client thread/INFO]: [CHAT] 
[22:47:30] [Client thread/INFO]: [CHAT] 
[22:47:30] [Client thread/INFO]: [CHAT] 
[22:47:30] [Client thread/INFO]: [CHAT] 
[22:47:30] [Client thread/INFO]: [CHAT] 
[22:47:30] [Client thread/INFO]: [CHAT] 
[22:47:30] [Client thread/INFO]: [CHAT] 
[22:47:30] [Client thread/INFO]: [CHAT] 
[22:47:30] [Client thread/INFO]: [CHAT] 
[22:47:30] [Client thread/INFO]: [CHAT] 
[22:47:30] [Client thread/INFO]: [CHAT] 
[22:47:30] [Client thread/INFO]: [CHAT] 
[22:47:30] [Client thread/INFO]: [CHAT] 
[22:47:30] [Client thread/INFO]: [CHAT] 
[22:47:30] [Client thread/INFO]: [CHAT] 
[22:47:30] [Client thread/INFO]: [CHAT] [+] dsfa4
[22:47:30] [Client thread/INFO]: [CHAT] +---------------***---------------+
[22:47:30] [Client thread/INFO]: [CHAT] 
[22:47:30] [Client thread/INFO]: [CHAT]     欢迎您加入到mc.remiaft.com服务器中
[22:47:30] [Client thread/INFO]: [CHAT] 
[22:47:30] [Client thread/INFO]: [CHAT]   官网 www.remiaft.com(维护中)
[22:47:30] [Client thread/INFO]: [CHAT]   商城 store.remiaft.com(维护中)
[22:47:30] [Client thread/INFO]: [CHAT]   QQ群: 1071318538
[22:47:30] [Client thread/INFO]: [CHAT] 
[22:47:30] [Client thread/INFO]: [CHAT] +---------------***---------------+
[22:47:35] [Client thread/INFO]: [CHAT] [-] not_noob
[22:47:35] [Texture Downloader #38/ERROR]: Couldn't download http texture: java.lang.RuntimeException: Timeout 5000
[22:47:36] [Client thread/INFO]: [CHAT] §8[§cKiesPro§8] > Module name §cfucjkdomcer§7 is invalid
[22:47:38] [Client thread/INFO]: [CHAT] [-] rini_xianren
[22:47:40] [Client thread/INFO]: [CHAT] [+] feixian_god
[22:47:40] [Client thread/INFO]: [CHAT] [-] KCG2020
[22:47:41] [Client thread/INFO]: [CHAT] §8[§cKiesPro§8] > FuckDomcer§7 was§c disabled
[22:47:41] [Client thread/INFO]: [CHAT] [+] F3D1P0_BjK
[22:47:43] [Client thread/INFO]: [CHAT] [-] KL_banmeng
[22:47:43] [Client thread/INFO]: [CHAT] §7F3D1P0_BjK §f: [azl] Try FDPClient! GetFDP.Today [K8a]
[22:47:43] [Client thread/INFO]: [CHAT] FS Clan Network >> 加入中...
[22:47:44] [Client thread/INFO]: [CHAT] 搭路练习 >> 输入 /bridge 更改练习参数
[22:47:48] [Client thread/INFO]: [CHAT] [0✫] oLqke: 一起玩的
[22:47:48] [Client thread/INFO]: [CHAT] QQ群: 1071318538
[22:47:48] [Client thread/INFO]: [CHAT] [0✫] F3D1P0_BjK: [KEz] Try FDPClient! GetFDP.Today [I51]
[22:47:49] [Client thread/INFO]: [CHAT] Hey! Sorry, but you can't use that here.
[22:47:58] [Client thread/INFO]: [CHAT] [0✫] oLqke: 好伙伴
[22:48:06] [Client thread/INFO]: Stopping!
[22:48:06] [Client thread/INFO]: SoundSystem shutting down...
[22:48:06] [Client thread/WARN]: Author: Paul Lamb, www.paulscode.com
